---------------------------------------------------------------
[ 2019-04-18T09:20:07+08:00 ] 192.168.0.3 POST 192.168.0.200/oa-device/api/Index/appVersion
[运行时间：0.097005s] [吞吐率：10.31req/s] [内存消耗：1,308.19kb] [文件加载：37]
[ info ] [ LANG ] D:\phpStudy\PHPTutorial\WWW\oa-device\thinkphp\lang\zh-cn.php
[ info ] [ ROUTE ] array (
  'type' => 'module',
  'module' => 
  array (
    0 => 'api',
    1 => 'Index',
    2 => 'appVersion',
  ),
)
[ info ] [ HEADER ] array (
  'token' => '4a8c5704770bdd2ee40792e428accc55',
  'content-type' => 'application/x-www-form-urlencoded',
  'content-length' => '9',
  'host' => '192.168.0.200',
  'connection' => 'Keep-Alive',
  'accept-encoding' => 'gzip',
  'user-agent' => 'okhttp/3.9.0',
)
[ info ] [ PARAM ] array (
  'userid' => '-1',
)
[ info ] [ LOG ] INIT file
---------------------------------------------------------------
[ 2019-04-18T09:20:20+08:00 ] 192.168.0.3 POST 192.168.0.200/oa-device/api//device/task
[运行时间：0.100000s] [吞吐率：10.00req/s] [内存消耗：1,332.62kb] [文件加载：37]
[ info ] [ LANG ] D:\phpStudy\PHPTutorial\WWW\oa-device\thinkphp\lang\zh-cn.php
[ info ] [ ROUTE ] array (
  'type' => 'module',
  'module' => 
  array (
    0 => 'api',
    1 => 'device',
    2 => 'task',
  ),
)
[ info ] [ HEADER ] array (
  'token' => '4a8c5704770bdd2ee40792e428accc55',
  'content-type' => 'application/x-www-form-urlencoded',
  'content-length' => '16',
  'host' => '192.168.0.200',
  'connection' => 'Keep-Alive',
  'accept-encoding' => 'gzip',
  'user-agent' => 'okhttp/3.9.0',
)
[ info ] [ PARAM ] array (
  'index' => '0',
  'limit' => '10',
)
[ info ] [ LOG ] INIT file
